SF:lib/modules/details/domain/entities/pokemon_details_entity.dart
DA:16,1
LF:1
LH:1
end_of_record
SF:lib/modules/details/domain/usecases/get_pokemon_details_use_case.dart
DA:12,1
DA:16,1
DA:18,2
LF:3
LH:3
end_of_record
SF:lib/shared/domain/entities/failure/failure.dart
DA:4,2
DA:6,0
DA:7,0
DA:11,0
DA:15,0
DA:19,0
DA:23,0
DA:27,0
DA:31,0
DA:33,0
DA:34,0
LF:11
LH:1
end_of_record
SF:lib/shared/domain/entities/result/result.dart
DA:7,2
DA:8,2
DA:10,4
DA:11,4
DA:12,4
DA:14,0
DA:18,0
DA:19,0
DA:21,0
LF:9
LH:5
end_of_record
SF:lib/modules/details/domain/entities/poke_statistics_entity.dart
DA:5,1
LF:1
LH:1
end_of_record
SF:lib/modules/home/domain/entities/pokemon_entity.dart
DA:6,1
LF:1
LH:1
end_of_record
SF:lib/modules/home/domain/usecases/pokemon_use_case.dart
DA:12,1
DA:16,1
DA:17,2
LF:3
LH:3
end_of_record
