SF:lib/core/http/handle_req_error_mixin.dart
DA:8,0
DA:9,0
DA:11,0
DA:12,0
DA:18,0
DA:21,0
DA:23,0
DA:25,0
DA:27,0
DA:29,0
DA:36,0
DA:37,0
DA:38,0
DA:39,0
DA:40,0
DA:41,0
DA:42,0
DA:43,0
DA:44,0
DA:45,0
DA:46,0
DA:47,0
DA:49,0
DA:51,0
LF:24
LH:0
end_of_record
SF:lib/core/http/http_client.dart
DA:12,0
DA:13,0
DA:16,0
DA:21,0
DA:24,0
DA:25,0
DA:26,0
DA:31,0
DA:33,0
DA:37,0
DA:43,0
DA:47,0
DA:48,0
DA:49,0
DA:54,0
DA:56,0
DA:60,0
DA:66,0
DA:70,0
DA:71,0
DA:72,0
DA:77,0
DA:79,0
DA:83,0
DA:88,0
DA:91,0
DA:92,0
DA:93,0
DA:98,0
DA:100,0
DA:104,0
DA:105,0
DA:108,0
LF:33
LH:0
end_of_record
SF:lib/modules/home/data/datasources/imp/pokemon_data_source_imp.dart
DA:12,1
DA:16,1
DA:19,4
DA:21,1
DA:22,3
DA:23,2
DA:24,1
DA:26,1
DA:28,1
DA:29,0
DA:31,3
DA:35,1
DA:36,3
DA:37,3
DA:38,1
DA:39,2
DA:41,1
DA:43,1
LF:18
LH:17
end_of_record
SF:lib/modules/home/domain/entities/pokemon_entity.dart
DA:6,4
LF:1
LH:1
end_of_record
SF:lib/shared/domain/entities/failure/failure.dart
DA:4,28
DA:8,22
DA:10,0
DA:11,0
DA:15,7
DA:17,0
DA:18,0
DA:22,7
DA:24,0
DA:25,0
DA:29,7
DA:31,0
DA:32,0
DA:36,0
DA:38,0
DA:39,0
DA:43,4
DA:45,0
DA:46,0
LF:19
LH:6
end_of_record
SF:lib/shared/domain/entities/response/response.dart
DA:6,2
DA:12,12
LF:2
LH:2
end_of_record
SF:lib/shared/domain/entities/result/result.dart
DA:7,7
DA:9,14
DA:11,12
DA:13,8
DA:15,14
DA:17,12
DA:19,3
DA:23,3
DA:24,6
DA:26,4
LF:10
LH:10
end_of_record
SF:lib/modules/home/data/models/pokemon_model.dart
DA:4,2
DA:10,4
DA:11,2
DA:12,2
DA:13,2
LF:5
LH:5
end_of_record
SF:lib/modules/home/domain/usecases/pokemon_use_case.dart
DA:12,1
DA:16,1
DA:17,2
LF:3
LH:3
end_of_record
SF:lib/modules/home/presentation/cubits/home_cubit.dart
DA:11,2
DA:14,2
DA:17,4
DA:21,1
DA:22,1
DA:24,2
DA:25,6
DA:26,4
DA:28,2
DA:29,2
DA:30,4
DA:31,6
DA:32,0
DA:34,6
DA:35,2
DA:39,5
DA:43,2
DA:44,4
DA:45,4
DA:46,4
DA:47,2
DA:51,2
DA:52,4
DA:53,2
DA:55,2
DA:56,3
DA:57,2
DA:58,6
DA:64,6
DA:65,2
DA:71,2
DA:72,6
DA:73,4
DA:74,8
DA:75,2
DA:76,4
DA:77,2
DA:79,6
LF:38
LH:37
end_of_record
SF:lib/modules/home/presentation/cubits/home_state.dart
DA:11,8
DA:18,2
DA:24,2
DA:25,2
DA:26,2
DA:28,2
DA:31,4
DA:33,0
DA:35,2
DA:37,4
DA:39,2
DA:40,2
DA:41,2
DA:42,2
DA:43,2
DA:44,2
DA:49,0
LF:17
LH:15
end_of_record
SF:lib/modules/home/presentation/view/widgets/radio_tile_widget.dart
DA:9,1
DA:17,1
DA:18,1
DA:19,1
DA:20,1
DA:22,4
DA:23,1
DA:24,1
DA:25,1
DA:26,1
DA:27,1
DA:28,1
DA:31,1
DA:32,1
DA:33,4
LF:15
LH:15
end_of_record
SF:lib/core/di/service_locator_imp.dart
DA:20,3
DA:24,1
DA:26,1
DA:27,2
DA:28,1
DA:31,0
DA:34,0
DA:37,0
DA:39,0
DA:42,0
DA:44,0
DA:45,0
DA:48,0
DA:50,0
DA:51,0
DA:54,0
DA:56,0
DA:57,0
DA:60,1
DA:61,2
DA:63,1
DA:65,2
DA:68,0
DA:70,0
DA:73,1
DA:74,2
LF:26
LH:11
end_of_record
SF:lib/modules/details/data/datasources/imp/pokemon_details_data_source_imp.dart
DA:12,1
DA:16,1
DA:19,3
DA:20,3
DA:22,1
DA:24,1
DA:25,2
DA:26,5
DA:27,1
DA:32,3
DA:33,2
DA:35,1
DA:37,1
DA:38,1
DA:40,3
DA:45,4
LF:16
LH:16
end_of_record
SF:lib/modules/details/data/repositories/pokemon_details_repository_imp.dart
DA:9,0
DA:13,0
DA:15,0
LF:3
LH:0
end_of_record
SF:lib/modules/details/domain/usecases/get_pokemon_details_use_case.dart
DA:12,1
DA:16,1
DA:18,2
LF:3
LH:3
end_of_record
SF:lib/modules/details/presentation/cubits/pokemon_details_cubit.dart
DA:7,2
DA:10,2
DA:12,2
DA:13,2
DA:14,4
DA:15,2
DA:16,6
DA:17,4
LF:8
LH:8
end_of_record
SF:lib/modules/home/data/repositories/pokemon_repository_imp.dart
DA:9,0
DA:13,0
DA:14,0
LF:3
LH:0
end_of_record
SF:lib/core/http/dio_app.dart
DA:5,0
DA:6,0
DA:7,0
LF:3
LH:0
end_of_record
SF:lib/core/routes/app_routes.dart
DA:8,1
DA:9,1
DA:10,1
DA:11,1
DA:12,1
DA:16,1
DA:17,1
DA:18,1
DA:20,1
DA:21,1
DA:22,3
DA:28,0
DA:32,0
DA:33,0
DA:34,0
DA:41,0
DA:43,0
DA:46,0
DA:49,0
DA:50,0
DA:51,0
DA:60,0
DA:61,0
DA:62,0
DA:63,0
LF:25
LH:11
end_of_record
SF:lib/modules/details/presentation/view/screens/pokemon_details_screen.dart
DA:20,1
DA:25,1
DA:26,1
DA:32,1
DA:34,1
DA:36,4
DA:39,3
DA:40,3
DA:41,0
DA:42,3
DA:44,4
DA:46,1
DA:47,9
DA:49,1
DA:50,1
DA:51,2
DA:52,1
DA:53,2
DA:54,1
DA:55,1
DA:56,5
DA:57,3
DA:58,1
DA:59,2
DA:62,1
DA:63,3
DA:64,1
DA:65,2
DA:67,1
DA:69,1
DA:70,1
DA:72,1
DA:73,1
DA:74,3
DA:75,3
DA:76,1
DA:78,1
DA:79,1
DA:83,1
DA:84,1
DA:85,3
DA:87,1
DA:88,2
DA:94,1
DA:95,3
DA:96,3
DA:97,1
DA:98,2
DA:99,1
DA:100,1
DA:101,1
DA:102,2
DA:109,1
DA:110,1
DA:112,1
DA:113,1
DA:114,2
DA:116,1
DA:118,1
DA:119,1
DA:120,1
DA:121,1
DA:122,1
DA:123,4
DA:126,1
DA:128,1
DA:129,1
DA:132,1
DA:133,2
DA:134,3
DA:137,1
DA:139,1
DA:140,1
DA:141,1
DA:142,1
DA:143,1
DA:144,4
DA:147,1
DA:148,2
DA:150,5
DA:154,0
DA:155,0
DA:156,0
DA:169,1
DA:171,1
DA:172,3
DA:174,3
DA:175,0
DA:176,0
DA:178,0
DA:181,0
DA:182,0
DA:187,0
DA:188,0
DA:190,0
DA:193,0
DA:194,0
LF:97
LH:83
end_of_record
SF:lib/modules/home/presentation/view/screens/home_screen.dart
DA:15,7
DA:18,1
DA:19,1
DA:26,1
DA:28,1
DA:29,4
DA:32,1
DA:34,2
DA:35,1
DA:38,4
DA:39,9
DA:40,3
DA:42,1
DA:43,1
DA:44,3
DA:45,1
DA:46,3
DA:47,1
DA:48,1
DA:49,1
DA:50,2
DA:51,1
DA:52,2
DA:53,2
DA:54,2
DA:57,1
DA:59,1
DA:60,1
DA:63,1
DA:64,1
DA:66,3
DA:68,3
DA:70,1
DA:72,1
DA:73,1
DA:74,1
DA:75,2
DA:76,3
DA:77,0
DA:80,2
DA:83,1
DA:84,2
DA:85,1
DA:87,1
DA:88,2
DA:90,3
DA:91,1
DA:92,2
DA:94,1
DA:95,1
DA:96,3
DA:97,2
DA:100,1
DA:101,1
DA:102,1
DA:103,2
DA:106,1
DA:107,1
LF:58
LH:57
end_of_record
SF:lib/shared/domain/entities/dto/pokemon_route_params_dto.dart
DA:4,1
LF:1
LH:1
end_of_record
SF:lib/core/theme/theme.dart
DA:4,0
DA:5,0
DA:15,0
DA:16,0
DA:17,0
DA:22,0
DA:27,0
DA:32,0
DA:37,0
DA:42,0
LF:10
LH:0
end_of_record
SF:lib/core/utils/string_extension.dart
DA:2,6
LF:1
LH:1
end_of_record
SF:lib/modules/details/domain/entities/pokemon_details_entity.dart
DA:16,4
LF:1
LH:1
end_of_record
SF:lib/modules/details/data/models/pokemon_details_model.dart
DA:6,1
DA:19,2
DA:20,1
DA:21,1
DA:22,4
DA:23,2
DA:24,2
DA:25,2
DA:26,2
DA:27,2
DA:28,1
DA:30,5
DA:34,1
DA:35,1
DA:36,2
DA:37,1
DA:38,1
DA:39,6
DA:40,0
DA:47,1
DA:48,1
DA:49,2
DA:50,3
DA:55,1
DA:56,1
DA:57,2
DA:58,3
LF:27
LH:26
end_of_record
SF:lib/modules/details/data/models/poke_statistics_model.dart
DA:4,1
DA:9,2
DA:10,2
DA:11,1
LF:4
LH:4
end_of_record
SF:lib/modules/details/domain/entities/poke_statistics_entity.dart
DA:5,4
LF:1
LH:1
end_of_record
SF:lib/modules/details/presentation/cubits/pokemon_details_state.dart
DA:6,8
DA:10,6
DA:12,1
DA:13,1
DA:17,6
DA:19,0
DA:20,0
DA:26,2
DA:28,1
DA:29,2
DA:35,1
DA:37,1
DA:38,2
LF:13
LH:11
end_of_record
SF:lib/shared/presentation/view/widgets/box_content_widget.dart
DA:11,1
DA:20,1
DA:21,1
DA:22,1
DA:23,1
DA:24,1
DA:25,1
DA:26,1
DA:27,3
DA:31,1
DA:32,1
DA:36,4
DA:41,1
LF:13
LH:13
end_of_record
SF:lib/modules/details/presentation/view/widgets/header_screen_widget.dart
DA:11,1
DA:16,1
DA:18,6
DA:20,1
DA:21,1
DA:22,2
DA:23,1
DA:24,1
DA:26,1
DA:27,1
DA:29,1
DA:31,1
DA:32,0
DA:33,1
DA:34,1
DA:35,1
DA:36,1
DA:37,1
DA:40,1
DA:44,1
DA:46,1
DA:48,1
DA:52,3
DA:59,1
DA:60,1
DA:62,1
DA:63,1
DA:66,3
DA:70,1
DA:71,1
DA:74,3
DA:80,1
LF:32
LH:31
end_of_record
SF:lib/modules/details/presentation/view/widgets/poke_ball_positioned_widget.dart
DA:11,1
DA:20,1
DA:21,1
DA:22,1
DA:23,1
DA:24,1
DA:25,1
DA:26,1
DA:27,7
DA:28,1
DA:30,1
DA:33,4
LF:12
LH:12
end_of_record
SF:lib/modules/details/presentation/view/widgets/poke_floating_image_widget.dart
DA:13,1
DA:23,1
DA:24,1
DA:25,3
DA:26,7
DA:27,1
DA:29,1
DA:31,1
DA:32,1
DA:33,3
DA:37,1
DA:38,4
DA:39,1
DA:40,1
DA:41,1
DA:45,3
DA:50,1
DA:51,7
DA:52,1
DA:53,3
DA:56,1
DA:57,1
DA:59,0
DA:62,1
DA:63,3
DA:67,1
DA:68,4
DA:69,1
DA:70,1
DA:71,1
DA:75,3
LF:31
LH:30
end_of_record
SF:lib/modules/details/presentation/view/widgets/poke_statistics_widget.dart
DA:11,1
DA:17,1
DA:18,1
DA:20,1
DA:21,1
DA:24,1
DA:25,2
DA:26,2
DA:29,1
DA:30,4
DA:31,4
DA:32,1
DA:40,1
DA:41,3
DA:43,4
DA:46,1
DA:47,1
DA:49,1
DA:50,2
DA:51,2
DA:53,1
DA:54,1
DA:55,1
DA:56,4
DA:58,3
DA:61,1
DA:62,1
DA:64,1
DA:65,1
DA:67,1
DA:68,4
DA:69,2
DA:70,2
DA:84,1
DA:86,1
DA:88,1
DA:90,1
DA:92,1
DA:94,1
DA:96,1
DA:99,0
DA:103,3
LF:42
LH:41
end_of_record
SF:lib/modules/details/presentation/view/widgets/row_poke_info_widget.dart
DA:9,1
DA:11,1
DA:12,7
DA:14,1
DA:15,1
DA:17,1
DA:20,1
DA:21,1
DA:23,1
DA:25,1
DA:26,1
DA:27,1
DA:29,1
DA:30,1
DA:35,1
DA:36,4
DA:37,4
DA:44,1
DA:46,1
DA:48,3
DA:54,1
DA:60,1
DA:62,1
DA:64,1
DA:65,1
DA:66,1
DA:68,1
DA:69,1
DA:74,1
DA:75,4
DA:76,4
DA:83,1
DA:85,1
DA:87,3
DA:93,1
DA:99,1
DA:101,1
DA:103,1
DA:104,1
DA:105,1
DA:106,1
DA:107,4
DA:114,1
DA:116,1
DA:118,3
LF:45
LH:45
end_of_record
SF:lib/modules/details/presentation/view/widgets/type_tags_widget.dart
DA:9,1
DA:11,1
DA:12,1
DA:14,1
DA:15,1
DA:16,2
DA:25,1
DA:26,2
DA:27,1
DA:29,1
DA:30,4
DA:31,4
DA:32,3
DA:38,1
LF:14
LH:14
end_of_record
SF:lib/modules/home/presentation/view/widgets/app_bar_widget.dart
DA:16,1
DA:25,1
DA:26,2
DA:28,1
DA:29,1
DA:30,2
DA:31,1
DA:32,3
DA:33,1
DA:34,1
DA:35,1
DA:37,1
DA:38,1
DA:41,3
DA:44,1
DA:45,1
DA:47,1
DA:52,3
DA:60,1
DA:61,1
DA:62,1
DA:63,1
DA:65,1
DA:67,1
DA:68,1
DA:69,4
DA:75,1
DA:77,1
DA:78,1
DA:79,1
DA:80,1
LF:31
LH:31
end_of_record
SF:lib/modules/home/presentation/view/widgets/grid_pokemons_widget.dart
DA:11,1
DA:18,1
DA:20,2
DA:22,1
DA:24,1
DA:25,1
DA:30,1
DA:31,6
DA:32,5
DA:33,1
DA:34,1
DA:35,2
DA:36,3
DA:37,2
LF:14
LH:14
end_of_record
SF:lib/modules/home/presentation/view/widgets/sort_button_widget.dart
DA:12,1
DA:18,1
DA:19,1
DA:23,1
DA:24,1
DA:25,3
DA:26,1
DA:29,3
DA:31,1
DA:34,3
DA:36,1
DA:37,1
DA:38,2
DA:39,1
DA:41,4
DA:43,2
DA:45,2
DA:46,2
LF:18
LH:18
end_of_record
SF:lib/modules/home/presentation/view/widgets/text_field_widget.dart
DA:7,1
DA:20,1
DA:33,1
DA:34,1
DA:35,1
DA:37,3
DA:38,1
DA:39,1
DA:40,1
DA:44,4
DA:49,1
DA:50,1
DA:51,1
DA:52,1
DA:53,1
DA:54,1
DA:55,1
DA:56,1
DA:57,1
DA:58,1
DA:63,0
DA:64,0
DA:65,0
DA:68,1
DA:69,1
DA:70,1
DA:71,3
DA:76,1
DA:77,1
LF:29
LH:26
end_of_record
SF:lib/modules/home/presentation/view/widgets/circle_button_widget.dart
DA:8,1
DA:14,1
DA:15,1
DA:16,3
DA:19,1
DA:21,1
DA:23,1
DA:24,1
DA:28,4
DA:33,1
DA:34,1
DA:35,1
DA:37,1
LF:13
LH:13
end_of_record
SF:lib/modules/home/presentation/view/widgets/pokemon_card_widget.dart
DA:10,1
DA:17,2
DA:18,1
DA:23,0
DA:27,6
DA:29,1
DA:30,1
DA:31,2
DA:32,1
DA:34,1
DA:35,1
DA:36,1
DA:37,1
DA:38,3
DA:42,1
DA:43,1
DA:44,4
DA:51,1
DA:53,1
DA:54,1
DA:56,1
DA:57,1
DA:58,3
DA:66,1
DA:67,1
DA:71,1
DA:73,1
DA:74,1
DA:75,1
DA:76,1
DA:78,1
DA:79,1
DA:80,3
DA:84,1
DA:85,1
DA:87,3
DA:91,1
DA:92,3
DA:93,3
LF:39
LH:38
end_of_record
SF:lib/modules/home/presentation/view/widgets/sort_poke_dialog.dart
DA:16,1
DA:28,1
DA:29,1
DA:39,1
DA:41,1
DA:42,3
DA:43,3
DA:46,1
DA:47,2
DA:48,2
DA:49,1
DA:51,3
DA:52,1
DA:53,1
DA:54,3
DA:58,1
DA:60,3
DA:61,4
DA:63,1
DA:64,2
DA:65,1
DA:66,1
DA:67,1
DA:68,2
DA:69,2
DA:70,2
DA:71,1
DA:75,1
DA:78,1
DA:80,1
DA:81,1
DA:83,1
DA:85,1
DA:86,3
DA:92,4
DA:95,1
DA:97,1
DA:99,1
DA:100,3
DA:101,2
DA:106,1
DA:107,1
DA:109,1
DA:110,2
DA:111,1
DA:112,1
DA:113,3
DA:117,1
DA:119,1
DA:120,1
DA:122,1
DA:124,1
DA:127,1
DA:129,1
DA:131,1
LF:55
LH:55
end_of_record
